[technext.github.io/carserv/index.html]
[backblue.gif]
[fade.gif]
[index.html]
[technext.github.io/carserv/img/favicon.ico]
[cdnjs.cloudflare.com/ajax/libs/font-awesome/5.10.0/css/all.min.css]
[cdn.jsdelivr.net/npm/bootstrap-icons@1.4.1/font/bootstrap-icons.css]
[technext.github.io/carserv/lib/animate/animate.min.css]
[technext.github.io/carserv/lib/owlcarousel/assets/owl.carousel.min.css]
[technext.github.io/carserv/lib/tempusdominus/css/tempusdominus-bootstrap-4.min.css]
[technext.github.io/carserv/css/bootstrap.min.css]
[technext.github.io/carserv/css/style.css]
[technext.github.io/carserv/index-2.html]
[technext.github.io/carserv/about.html]
[technext.github.io/carserv/service.html]
[technext.github.io/carserv/booking.html]
[technext.github.io/carserv/team.html]
[technext.github.io/carserv/testimonial.html]
[technext.github.io/carserv/404.html]
[technext.github.io/carserv/contact.html]
[technext.github.io/carserv/img/carousel-bg-1.jpg]
[technext.github.io/carserv/img/carousel-1.png]
[technext.github.io/carserv/img/carousel-bg-2.jpg]
[technext.github.io/carserv/img/carousel-2.png]
[technext.github.io/carserv/img/about.jpg]
[technext.github.io/carserv/img/service-1.jpg]
[technext.github.io/carserv/img/service-2.jpg]
[technext.github.io/carserv/img/service-3.jpg]
[technext.github.io/carserv/img/service-4.jpg]
[technext.github.io/carserv/img/team-1.jpg]
[technext.github.io/carserv/img/team-2.jpg]
[technext.github.io/carserv/img/team-3.jpg]
[technext.github.io/carserv/img/team-4.jpg]
[technext.github.io/carserv/img/testimonial-1.jpg]
[technext.github.io/carserv/img/testimonial-2.jpg]
[technext.github.io/carserv/img/testimonial-3.jpg]
[technext.github.io/carserv/img/testimonial-4.jpg]
[cdn.jsdelivr.net/npm/bootstrap@5.0.0/dist/js/bootstrap.bundle.min.js]
[code.jquery.com/jquery-3.4.1.min.js]
[technext.github.io/carserv/lib/wow/wow.min.js]
[technext.github.io/carserv/lib/easing/easing.min.js]
[technext.github.io/carserv/lib/waypoints/waypoints.min.js]
[technext.github.io/carserv/lib/counterup/counterup.min.js]
[technext.github.io/carserv/lib/owlcarousel/owl.carousel.min.js]
[technext.github.io/carserv/lib/tempusdominus/js/moment.min.js]
[technext.github.io/carserv/lib/tempusdominus/js/moment-timezone.min.js]
[technext.github.io/carserv/lib/tempusdominus/js/tempusdominus-bootstrap-4.min.js]
[technext.github.io/carserv/js/main.js]
[technext.github.io/carserv/index.html]
[technext.github.io/carserv/img/favicon.html]
[cdnjs.cloudflare.com/ajax/libs/font-awesome/5.10.0/css/all.min.css]
[cdn.jsdelivr.net/npm/bootstrap-icons@1.4.1/font/fonts/bootstrap-iconsfb95.woff2]
[cdn.jsdelivr.net/npm/bootstrap-icons@1.4.1/font/fonts/bootstrap-iconsfb95.woff]
[cdn.jsdelivr.net/npm/bootstrap-icons@1.4.1/font/bootstrap-icons.css]
[technext.github.io/carserv/lib/animate/animate.min.css]
[technext.github.io/carserv/lib/owlcarousel/assets/owl.video.play.png]
[technext.github.io/carserv/lib/owlcarousel/assets/owl.carousel.min.css]
[technext.github.io/carserv/lib/tempusdominus/css/tempusdominus-bootstrap-4.min.css]
[technext.github.io/carserv/css/bootstrap.min.css]
[technext.github.io/carserv/css/style.css]
[technext.github.io/carserv/index-2.html]
[technext.github.io/carserv/about.html]
[technext.github.io/carserv/service.html]
[technext.github.io/carserv/booking.html]
[technext.github.io/carserv/team.html]
[technext.github.io/carserv/testimonial.html]
[technext.github.io/carserv/404.html]
[technext.github.io/carserv/contact.html]
[technext.github.io/index.html]
